<?xml version="1.0" encoding="UTF-8"?>
<testsuites>
  <testsuite name="C:\laragon\www\teluconsign\phpunit.xml" tests="68" assertions="127" errors="10" failures="17" skipped="0" time="2.053367">
    <testsuite name="Unit" tests="1" assertions="1" errors="0" failures="0" skipped="0" time="0.003892">
      <testsuite name="Tests\Unit\ExampleTest" file="C:\laragon\www\teluconsign\tests\Unit\ExampleTest.php" tests="1" assertions="1" errors="0" failures="0" skipped="0" time="0.003892">
        <testcase name="test_that_true_is_true" file="C:\laragon\www\teluconsign\tests\Unit\ExampleTest.php" line="12" class="Tests\Unit\ExampleTest" classname="Tests.Unit.ExampleTest" assertions="1" time="0.003892"/>
      </testsuite>
    </testsuite>
    <testsuite name="Feature" tests="67" assertions="126" errors="10" failures="17" skipped="0" time="2.049475">
      <testsuite name="Tests\Feature\AdditionalModelsTest" file="C:\laragon\www\teluconsign\tests\Feature\AdditionalModelsTest.php" tests="8" assertions="8" errors="4" failures="0" skipped="0" time="0.445550">
        <testcase name="test_cart_item_relationships_and_attributes" file="C:\laragon\www\teluconsign\tests\Feature\AdditionalModelsTest.php" line="28" class="Tests\Feature\AdditionalModelsTest" classname="Tests.Feature.AdditionalModelsTest" assertions="3" time="0.327576"/>
        <testcase name="test_integration_key_creation" file="C:\laragon\www\teluconsign\tests\Feature\AdditionalModelsTest.php" line="48" class="Tests\Feature\AdditionalModelsTest" classname="Tests.Feature.AdditionalModelsTest" assertions="1" time="0.013061"/>
        <testcase name="test_payout_request_relationships" file="C:\laragon\www\teluconsign\tests\Feature\AdditionalModelsTest.php" line="65" class="Tests\Feature\AdditionalModelsTest" classname="Tests.Feature.AdditionalModelsTest" assertions="0" time="0.027752">
          <error type="Illuminate\Database\QueryException">Tests\Feature\AdditionalModelsTest::test_payout_request_relationships&#13;
Illuminate\Database\QueryException: SQLSTATE[HY000]: General error: 1 table payout_requests has no column named updated_at (Connection: sqlite, SQL: insert into "payout_requests" ("seller_id", "amount", "status", "bank_account_id", "updated_at", "created_at") values (1, 100000, requested, 1, 2025-12-26 22:23:08, 2025-12-26 22:23:08))
&#13;
C:\laragon\www\teluconsign\vendor\laravel\framework\src\Illuminate\Database\Connection.php:824
C:\laragon\www\teluconsign\vendor\laravel\framework\src\Illuminate\Database\Connection.php:778
C:\laragon\www\teluconsign\vendor\laravel\framework\src\Illuminate\Database\Connection.php:559
C:\laragon\www\teluconsign\vendor\laravel\framework\src\Illuminate\Database\Connection.php:523
C:\laragon\www\teluconsign\vendor\laravel\framework\src\Illuminate\Database\Query\Processors\Processor.php:32
C:\laragon\www\teluconsign\vendor\laravel\framework\src\Illuminate\Database\Query\Builder.php:3853
C:\laragon\www\teluconsign\vendor\laravel\framework\src\Illuminate\Database\Eloquent\Builder.php:2235
C:\laragon\www\teluconsign\vendor\laravel\framework\src\Illuminate\Database\Eloquent\Model.php:1436
C:\laragon\www\teluconsign\vendor\laravel\framework\src\Illuminate\Database\Eloquent\Model.php:1401
C:\laragon\www\teluconsign\vendor\laravel\framework\src\Illuminate\Database\Eloquent\Model.php:1240
C:\laragon\www\teluconsign\vendor\laravel\framework\src\Illuminate\Database\Eloquent\Builder.php:1219
C:\laragon\www\teluconsign\vendor\laravel\framework\src\Illuminate\Support\helpers.php:390
C:\laragon\www\teluconsign\vendor\laravel\framework\src\Illuminate\Database\Eloquent\Builder.php:1218
C:\laragon\www\teluconsign\vendor\laravel\framework\src\Illuminate\Support\Traits\ForwardsCalls.php:23
C:\laragon\www\teluconsign\vendor\laravel\framework\src\Illuminate\Database\Eloquent\Model.php:2540
C:\laragon\www\teluconsign\vendor\laravel\framework\src\Illuminate\Database\Eloquent\Model.php:2556
C:\laragon\www\teluconsign\tests\Feature\AdditionalModelsTest.php:75</error>
        </testcase>
        <testcase name="test_product_image_relationships" file="C:\laragon\www\teluconsign\tests\Feature\AdditionalModelsTest.php" line="86" class="Tests\Feature\AdditionalModelsTest" classname="Tests.Feature.AdditionalModelsTest" assertions="2" time="0.015559"/>
        <testcase name="test_shipment_creation" file="C:\laragon\www\teluconsign\tests\Feature\AdditionalModelsTest.php" line="101" class="Tests\Feature\AdditionalModelsTest" classname="Tests.Feature.AdditionalModelsTest" assertions="0" time="0.017419">
          <error type="Illuminate\Database\QueryException">Tests\Feature\AdditionalModelsTest::test_shipment_creation&#13;
Illuminate\Database\QueryException: SQLSTATE[23000]: Integrity constraint violation: 19 NOT NULL constraint failed: orders.subtotal_amount (Connection: sqlite, SQL: insert into "orders" ("buyer_id", "seller_id", "total_amount", "status", "code", "updated_at", "created_at") values (2, 1, 10000, pending, ORD-SHIP-1766762588, 2025-12-26 22:23:08, 2025-12-26 22:23:08))
&#13;
C:\laragon\www\teluconsign\vendor\laravel\framework\src\Illuminate\Database\Connection.php:824
C:\laragon\www\teluconsign\vendor\laravel\framework\src\Illuminate\Database\Connection.php:778
C:\laragon\www\teluconsign\vendor\laravel\framework\src\Illuminate\Database\Connection.php:559
C:\laragon\www\teluconsign\vendor\laravel\framework\src\Illuminate\Database\Connection.php:523
C:\laragon\www\teluconsign\vendor\laravel\framework\src\Illuminate\Database\Query\Processors\Processor.php:32
C:\laragon\www\teluconsign\vendor\laravel\framework\src\Illuminate\Database\Query\Builder.php:3853
C:\laragon\www\teluconsign\vendor\laravel\framework\src\Illuminate\Database\Eloquent\Builder.php:2235
C:\laragon\www\teluconsign\vendor\laravel\framework\src\Illuminate\Database\Eloquent\Model.php:1436
C:\laragon\www\teluconsign\vendor\laravel\framework\src\Illuminate\Database\Eloquent\Model.php:1401
C:\laragon\www\teluconsign\vendor\laravel\framework\src\Illuminate\Database\Eloquent\Model.php:1240
C:\laragon\www\teluconsign\vendor\laravel\framework\src\Illuminate\Database\Eloquent\Builder.php:1219
C:\laragon\www\teluconsign\vendor\laravel\framework\src\Illuminate\Support\helpers.php:390
C:\laragon\www\teluconsign\vendor\laravel\framework\src\Illuminate\Database\Eloquent\Builder.php:1218
C:\laragon\www\teluconsign\vendor\laravel\framework\src\Illuminate\Support\Traits\ForwardsCalls.php:23
C:\laragon\www\teluconsign\vendor\laravel\framework\src\Illuminate\Database\Eloquent\Model.php:2540
C:\laragon\www\teluconsign\vendor\laravel\framework\src\Illuminate\Database\Eloquent\Model.php:2556
C:\laragon\www\teluconsign\tests\Feature\AdditionalModelsTest.php:107</error>
        </testcase>
        <testcase name="test_wallet_ledger_creation" file="C:\laragon\www\teluconsign\tests\Feature\AdditionalModelsTest.php" line="126" class="Tests\Feature\AdditionalModelsTest" classname="Tests.Feature.AdditionalModelsTest" assertions="0" time="0.014164">
          <error type="Illuminate\Database\QueryException">Tests\Feature\AdditionalModelsTest::test_wallet_ledger_creation&#13;
Illuminate\Database\QueryException: SQLSTATE[23000]: Integrity constraint violation: 19 NOT NULL constraint failed: wallet_ledgers.posted_at (Connection: sqlite, SQL: insert into "wallet_ledgers" ("user_id", "direction", "source_type", "amount", "balance_after", "memo") values (1, credit, adjustment, 50000, 50000, Bonus))
&#13;
C:\laragon\www\teluconsign\vendor\laravel\framework\src\Illuminate\Database\Connection.php:824
C:\laragon\www\teluconsign\vendor\laravel\framework\src\Illuminate\Database\Connection.php:778
C:\laragon\www\teluconsign\vendor\laravel\framework\src\Illuminate\Database\Connection.php:559
C:\laragon\www\teluconsign\vendor\laravel\framework\src\Illuminate\Database\Connection.php:523
C:\laragon\www\teluconsign\vendor\laravel\framework\src\Illuminate\Database\Query\Processors\Processor.php:32
C:\laragon\www\teluconsign\vendor\laravel\framework\src\Illuminate\Database\Query\Builder.php:3853
C:\laragon\www\teluconsign\vendor\laravel\framework\src\Illuminate\Database\Eloquent\Builder.php:2235
C:\laragon\www\teluconsign\vendor\laravel\framework\src\Illuminate\Database\Eloquent\Model.php:1436
C:\laragon\www\teluconsign\vendor\laravel\framework\src\Illuminate\Database\Eloquent\Model.php:1401
C:\laragon\www\teluconsign\vendor\laravel\framework\src\Illuminate\Database\Eloquent\Model.php:1240
C:\laragon\www\teluconsign\vendor\laravel\framework\src\Illuminate\Database\Eloquent\Builder.php:1219
C:\laragon\www\teluconsign\vendor\laravel\framework\src\Illuminate\Support\helpers.php:390
C:\laragon\www\teluconsign\vendor\laravel\framework\src\Illuminate\Database\Eloquent\Builder.php:1218
C:\laragon\www\teluconsign\vendor\laravel\framework\src\Illuminate\Support\Traits\ForwardsCalls.php:23
C:\laragon\www\teluconsign\vendor\laravel\framework\src\Illuminate\Database\Eloquent\Model.php:2540
C:\laragon\www\teluconsign\vendor\laravel\framework\src\Illuminate\Database\Eloquent\Model.php:2556
C:\laragon\www\teluconsign\tests\Feature\AdditionalModelsTest.php:130</error>
        </testcase>
        <testcase name="test_webhook_log_creation" file="C:\laragon\www\teluconsign\tests\Feature\AdditionalModelsTest.php" line="143" class="Tests\Feature\AdditionalModelsTest" classname="Tests.Feature.AdditionalModelsTest" assertions="0" time="0.014045">
          <error type="Illuminate\Database\QueryException">Tests\Feature\AdditionalModelsTest::test_webhook_log_creation&#13;
Illuminate\Database\QueryException: SQLSTATE[23000]: Integrity constraint violation: 19 NOT NULL constraint failed: webhook_logs.provider_code (Connection: sqlite, SQL: insert into "webhook_logs" ("payload") values ("{\"data\":\"test\"}"))
&#13;
C:\laragon\www\teluconsign\vendor\laravel\framework\src\Illuminate\Database\Connection.php:824
C:\laragon\www\teluconsign\vendor\laravel\framework\src\Illuminate\Database\Connection.php:778
C:\laragon\www\teluconsign\vendor\laravel\framework\src\Illuminate\Database\Connection.php:559
C:\laragon\www\teluconsign\vendor\laravel\framework\src\Illuminate\Database\Connection.php:523
C:\laragon\www\teluconsign\vendor\laravel\framework\src\Illuminate\Database\Query\Processors\Processor.php:32
C:\laragon\www\teluconsign\vendor\laravel\framework\src\Illuminate\Database\Query\Builder.php:3853
C:\laragon\www\teluconsign\vendor\laravel\framework\src\Illuminate\Database\Eloquent\Builder.php:2235
C:\laragon\www\teluconsign\vendor\laravel\framework\src\Illuminate\Database\Eloquent\Model.php:1436
C:\laragon\www\teluconsign\vendor\laravel\framework\src\Illuminate\Database\Eloquent\Model.php:1401
C:\laragon\www\teluconsign\vendor\laravel\framework\src\Illuminate\Database\Eloquent\Model.php:1240
C:\laragon\www\teluconsign\vendor\laravel\framework\src\Illuminate\Database\Eloquent\Builder.php:1219
C:\laragon\www\teluconsign\vendor\laravel\framework\src\Illuminate\Support\helpers.php:390
C:\laragon\www\teluconsign\vendor\laravel\framework\src\Illuminate\Database\Eloquent\Builder.php:1218
C:\laragon\www\teluconsign\vendor\laravel\framework\src\Illuminate\Support\Traits\ForwardsCalls.php:23
C:\laragon\www\teluconsign\vendor\laravel\framework\src\Illuminate\Database\Eloquent\Model.php:2540
C:\laragon\www\teluconsign\vendor\laravel\framework\src\Illuminate\Database\Eloquent\Model.php:2556
C:\laragon\www\teluconsign\tests\Feature\AdditionalModelsTest.php:146</error>
        </testcase>
        <testcase name="test_profile_relationship" file="C:\laragon\www\teluconsign\tests\Feature\AdditionalModelsTest.php" line="156" class="Tests\Feature\AdditionalModelsTest" classname="Tests.Feature.AdditionalModelsTest" assertions="2" time="0.015974"/>
      </testsuite>
      <testsuite name="Tests\Feature\AdminDashboardTest" file="C:\laragon\www\teluconsign\tests\Feature\AdminDashboardTest.php" tests="2" assertions="3" errors="0" failures="0" skipped="0" time="0.065229">
        <testcase name="test_admin_can_access_dashboard" file="C:\laragon\www\teluconsign\tests\Feature\AdminDashboardTest.php" line="14" class="Tests\Feature\AdminDashboardTest" classname="Tests.Feature.AdminDashboardTest" assertions="1" time="0.051121"/>
        <testcase name="test_non_admin_cannot_access_dashboard" file="C:\laragon\www\teluconsign\tests\Feature\AdminDashboardTest.php" line="23" class="Tests\Feature\AdminDashboardTest" classname="Tests.Feature.AdminDashboardTest" assertions="2" time="0.014109"/>
      </testsuite>
      <testsuite name="Tests\Feature\AdminIntegrationTest" file="C:\laragon\www\teluconsign\tests\Feature\AdminIntegrationTest.php" tests="2" assertions="3" errors="0" failures="2" skipped="0" time="0.034725">
        <testcase name="test_admin_can_toggle_shipping_carrier" file="C:\laragon\www\teluconsign\tests\Feature\AdminIntegrationTest.php" line="25" class="Tests\Feature\AdminIntegrationTest" classname="Tests.Feature.AdminIntegrationTest" assertions="1" time="0.015903">
          <failure type="PHPUnit\Framework\ExpectationFailedException">Tests\Feature\AdminIntegrationTest::test_admin_can_toggle_shipping_carrier&#13;
Expected response status code [200] but received 302.
Failed asserting that 302 is identical to 200.
&#13;
C:\laragon\www\teluconsign\vendor\laravel\framework\src\Illuminate\Testing\TestResponseAssert.php:45
C:\laragon\www\teluconsign\vendor\laravel\framework\src\Illuminate\Testing\TestResponse.php:174
C:\laragon\www\teluconsign\tests\Feature\AdminIntegrationTest.php:38</failure>
        </testcase>
        <testcase name="test_admin_can_update_whatsapp_api_settings" file="C:\laragon\www\teluconsign\tests\Feature\AdminIntegrationTest.php" line="45" class="Tests\Feature\AdminIntegrationTest" classname="Tests.Feature.AdminIntegrationTest" assertions="2" time="0.018822">
          <failure type="PHPUnit\Framework\ExpectationFailedException">Tests\Feature\AdminIntegrationTest::test_admin_can_update_whatsapp_api_settings&#13;
Session is missing expected key [success].
Failed asserting that false is true.&#13;
&#13;
The following errors occurred during the last request:

The token field is required.
&#13;
C:\laragon\www\teluconsign\vendor\laravel\framework\src\Illuminate\Testing\TestResponseAssert.php:45
C:\laragon\www\teluconsign\vendor\laravel\framework\src\Illuminate\Testing\TestResponse.php:1517
C:\laragon\www\teluconsign\tests\Feature\AdminIntegrationTest.php:59</failure>
        </testcase>
      </testsuite>
      <testsuite name="Tests\Feature\AdminManagementTest" file="C:\laragon\www\teluconsign\tests\Feature\AdminManagementTest.php" tests="4" assertions="9" errors="0" failures="2" skipped="0" time="0.066377">
        <testcase name="test_admin_can_view_category_list" file="C:\laragon\www\teluconsign\tests\Feature\AdminManagementTest.php" line="22" class="Tests\Feature\AdminManagementTest" classname="Tests.Feature.AdminManagementTest" assertions="1" time="0.016756"/>
        <testcase name="test_admin_can_create_category" file="C:\laragon\www\teluconsign\tests\Feature\AdminManagementTest.php" line="28" class="Tests\Feature\AdminManagementTest" classname="Tests.Feature.AdminManagementTest" assertions="2" time="0.016143">
          <failure type="PHPUnit\Framework\ExpectationFailedException">Tests\Feature\AdminManagementTest::test_admin_can_create_category&#13;
Failed asserting that two strings are equal.
--- Expected
+++ Actual
@@ @@
-'https://b8ffe87ca4de.ngrok-free.app/admin/categories'
+'https://b8ffe87ca4de.ngrok-free.app'
&#13;
C:\laragon\www\teluconsign\vendor\laravel\framework\src\Illuminate\Testing\TestResponseAssert.php:45
C:\laragon\www\teluconsign\vendor\laravel\framework\src\Illuminate\Testing\TestResponse.php:408
C:\laragon\www\teluconsign\vendor\laravel\framework\src\Illuminate\Testing\TestResponse.php:205
C:\laragon\www\teluconsign\tests\Feature\AdminManagementTest.php:36</failure>
        </testcase>
        <testcase name="test_admin_can_delete_user" file="C:\laragon\www\teluconsign\tests\Feature\AdminManagementTest.php" line="43" class="Tests\Feature\AdminManagementTest" classname="Tests.Feature.AdminManagementTest" assertions="2" time="0.017551">
          <failure type="PHPUnit\Framework\ExpectationFailedException">Tests\Feature\AdminManagementTest::test_admin_can_delete_user&#13;
Failed asserting that two strings are equal.
--- Expected
+++ Actual
@@ @@
-'https://b8ffe87ca4de.ngrok-free.app/admin/users'
+'https://b8ffe87ca4de.ngrok-free.app'
&#13;
C:\laragon\www\teluconsign\vendor\laravel\framework\src\Illuminate\Testing\TestResponseAssert.php:45
C:\laragon\www\teluconsign\vendor\laravel\framework\src\Illuminate\Testing\TestResponse.php:408
C:\laragon\www\teluconsign\vendor\laravel\framework\src\Illuminate\Testing\TestResponse.php:205
C:\laragon\www\teluconsign\tests\Feature\AdminManagementTest.php:49</failure>
        </testcase>
        <testcase name="test_non_admin_cannot_manage_categories" file="C:\laragon\www\teluconsign\tests\Feature\AdminManagementTest.php" line="55" class="Tests\Feature\AdminManagementTest" classname="Tests.Feature.AdminManagementTest" assertions="4" time="0.015927"/>
      </testsuite>
      <testsuite name="Tests\Feature\AdvancedScenariosTest" file="C:\laragon\www\teluconsign\tests\Feature\AdvancedScenariosTest.php" tests="5" assertions="8" errors="1" failures="3" skipped="0" time="0.138039">
        <testcase name="test_search_with_category_price_and_sort" file="C:\laragon\www\teluconsign\tests\Feature\AdvancedScenariosTest.php" line="21" class="Tests\Feature\AdvancedScenariosTest" classname="Tests.Feature.AdvancedScenariosTest" assertions="2" time="0.028831"/>
        <testcase name="test_seller_can_create_complex_product" file="C:\laragon\www\teluconsign\tests\Feature\AdvancedScenariosTest.php" line="56" class="Tests\Feature\AdvancedScenariosTest" classname="Tests.Feature.AdvancedScenariosTest" assertions="2" time="0.040375">
          <failure type="PHPUnit\Framework\ExpectationFailedException">Tests\Feature\AdvancedScenariosTest::test_seller_can_create_complex_product&#13;
Failed asserting that a row in the table [products] matches the attributes {
    "title": "Complex Product",
    "price": 10000,
    "condition": "new"
}.

The table is empty.
&#13;
C:\laragon\www\teluconsign\vendor\laravel\framework\src\Illuminate\Foundation\Testing\Concerns\InteractsWithDatabase.php:43
C:\laragon\www\teluconsign\tests\Feature\AdvancedScenariosTest.php:77</failure>
        </testcase>
        <testcase name="test_admin_can_suspend_product_and_it_disappears_from_search" file="C:\laragon\www\teluconsign\tests\Feature\AdvancedScenariosTest.php" line="87" class="Tests\Feature\AdvancedScenariosTest" classname="Tests.Feature.AdvancedScenariosTest" assertions="3" time="0.028570">
          <failure type="PHPUnit\Framework\ExpectationFailedException">Tests\Feature\AdvancedScenariosTest::test_admin_can_suspend_product_and_it_disappears_from_search&#13;
Failed asserting that '&lt;!DOCTYPE html&gt;\n
&lt;html lang="en"&gt;\n
&lt;head&gt;\n
    &lt;meta charset="utf-8"&gt;\n
    &lt;meta name="viewport" content="width=device-width, initial-scale=1"&gt;\n
    &lt;meta name="csrf-token" content="XKw4jPTONdl0WZRKAjdXCvD9gl3MWPnjjGvI67fq"&gt;\n
\n
    &lt;title&gt;Telu Consign&lt;/title&gt;\n
\n
    &lt;!-- Fonts --&gt;\n
    &lt;link rel="preconnect" href="https://fonts.googleapis.com"&gt;\n
    &lt;link rel="preconnect" href="https://fonts.gstatic.com" crossorigin&gt;\n
    &lt;link href="https://fonts.googleapis.com/css2?family=Plus+Jakarta+Sans:wght@300;400;500;600;700;800&amp;family=Inter:wght@300;400;500;600&amp;display=swap" rel="stylesheet"&gt;\n
\n
    &lt;!-- Styles --&gt;\n
    &lt;script src="https://cdn.tailwindcss.com"&gt;&lt;/script&gt;\n
    &lt;link href="https://cdnjs.cloudflare.com/ajax/libs/flowbite/2.3.0/flowbite.min.css" rel="stylesheet" /&gt;\n
    &lt;script src="https://cdn.jsdelivr.net/npm/sweetalert2@11"&gt;&lt;/script&gt;\n
    &lt;link rel="stylesheet" href="https://cdnjs.cloudflare.com/ajax/libs/animate.css/4.1.1/animate.min.css"/&gt;\n
\n
    &lt;style&gt;\n
        body { font-family: 'Plus Jakarta Sans', sans-serif; background-color: #F8F9FA; color: #1e293b; }\n
        .font-inter { font-family: 'Inter', sans-serif; }\n
        \n
        /* Modern Scrollbar */\n
        ::-webkit-scrollbar { width: 8px; height: 8px; }\n
        ::-webkit-scrollbar-track { background: transparent; }\n
        ::-webkit-scrollbar-thumb { background: #cbd5e1; border-radius: 10px; }\n
        ::-webkit-scrollbar-thumb:hover { background: #94a3b8; }\n
\n
        /* Smooth Transitions */\n
        a, button, input { transition: all 0.2s cubic-bezier(0.4, 0, 0.2, 1); }\n
\n
        /* Glassmorphism Utilities */\n
        .glass { background: rgba(255, 255, 255, 0.8); backdrop-filter: blur(12px); -webkit-backdrop-filter: blur(12px); border-bottom: 1px solid rgba(255, 255, 255, 0.3); }\n
        \n
        /* Custom Utilities */\n
        .text-balanced { text-wrap: balance; }\n
        .shadow-soft { box-shadow: 0 4px 6px -1px rgba(0, 0, 0, 0.02), 0 2px 4px -1px rgba(0, 0, 0, 0.02); }\n
        .shadow-card { box-shadow: 0 10px 15px -3px rgba(0, 0, 0, 0.03), 0 4px 6px -2px rgba(0, 0, 0, 0.01); }\n
        .input-modern { @apply bg-white border border-gray-200 text-gray-900 text-sm rounded-xl focus:ring-[#EC1C25]/5 focus:border-[#EC1C25] block w-full px-4 py-3 transition-all duration-200 outline-none; }\n
    &lt;/style&gt;\n
\n
    &lt;script&gt;\n
        tailwind.config = {\n
            theme: {\n
                extend: {\n
                    fontFamily: {\n
                        sans: ['Plus Jakarta Sans', 'sans-serif'],\n
                        inter: ['Inter', 'sans-serif'],\n
                    },\n
                    colors: {\n
                        primary: { 50:'#fff1f2', 100:'#ffe4e6', 500:'#f43f5e', 600:'#e11d48', 700:'#EC1C25', 800:'#9f1239' },\n
                        secondary: { 50: '#f8fafc', 100: '#f1f5f9', 900: '#0f172a' }\n
                    },\n
                    borderRadius: {\n
                        'xl': '0.75rem',\n
                        '2xl': '1rem',\n
                        '3xl': '1.5rem',\n
                    },\n
                    boxShadow: {\n
                        'glow': '0 0 15px rgba(236, 28, 37, 0.15)',\n
                    }\n
                }\n
            }\n
        }\n
        }\n
    &lt;/script&gt;\n
    &lt;script&gt;\n
        console.log('DEBUG: Auth ID = 1');\n
        console.log('DEBUG: Auth Check = TRUE');\n
    &lt;/script&gt;\n
&lt;/head&gt;\n
&lt;body class="flex flex-col min-h-screen text-gray-800"&gt;\n
\n
    &lt;!-- Navbar Fixed --&gt;\n
    &lt;nav class="bg-white/80 backdrop-blur-md border-b border-gray-100 fixed w-full z-50 top-0 start-0 shadow-sm transition-all duration-300"&gt;\n
        &lt;div class="max-w-7xl mx-auto px-4 sm:px-6 lg:px-8"&gt;\n
            &lt;div class="flex justify-between items-center h-16 md:h-20 gap-6"&gt;\n
\n
                &lt;!-- 1. Logo (Kiri) --&gt;\n
                &lt;div class="flex-shrink-0 flex items-center"&gt;\n
                    &lt;a href="https://b8ffe87ca4de.ngrok-free.app" class="flex items-center gap-2.5 group"&gt;\n
                        &lt;!-- Icon Logo --&gt;\n
                        &lt;div class="bg-gradient-to-br from-[#EC1C25] to-[#b9151c] text-white p-2 rounded-xl shadow-lg shadow-red-200 group-hover:scale-105 transition-transform duration-300"&gt;\n
                            &lt;svg class="w-6 h-6" fill="none" stroke="currentColor" viewBox="0 0 24 24"&gt;&lt;path stroke-linecap="round" stroke-linejoin="round" stroke-width="2.5" d="M16 11V7a4 4 0 00-8 0v4M5 9h14l1 12H4L5 9z"&gt;&lt;/path&gt;&lt;/svg&gt;\n
                        &lt;/div&gt;\n
                        &lt;span class="self-center text-2xl font-bold whitespace-nowrap text-gray-900 tracking-tight group-hover:text-[#EC1C25] transition-colors duration-300 hidden md:block"&gt;\n
                            TeluConsign\n
                        &lt;/span&gt;\n
                    &lt;/a&gt;\n
                &lt;/div&gt;\n
\n
                &lt;!-- 2. Search Bar (Tengah - Hanya tampil jika bukan di halaman auth) --&gt;\n
                                &lt;div class="flex-grow max-w-2xl hidden md:block"&gt;\n
                    &lt;form action="https://b8ffe87ca4de.ngrok-free.app/search" method="GET" class="relative group"&gt;\n
                        &lt;div class="absolute inset-y-0 start-0 flex items-center ps-4 pointer-events-none"&gt;\n
                            &lt;svg class="w-5 h-5 text-gray-400 group-focus-within:text-[#EC1C25] transition-colors" aria-hidden="true" xmlns="http://www.w3.org/2000/svg" fill="none" viewBox="0 0 20 20"&gt;\n
                                &lt;path stroke="currentColor" stroke-linecap="round" stroke-linejoin="round" stroke-width="2" d="m19 19-4-4m0-7A7 7 0 1 1 1 8a7 7 0 0 1 14 0Z"/&gt;\n
                            &lt;/svg&gt;\n
                        &lt;/div&gt;\n
                        &lt;input type="search" name="search" id="default-search"\n
                               class="block w-full p-3 ps-12 text-sm text-gray-900 border border-gray-200 rounded-full bg-gray-50/50 focus:ring-2 focus:ring-[#EC1C25]/20 focus:border-[#EC1C25] placeholder-gray-400 focus:bg-white transition-all shadow-sm focus:shadow-md"\n
                               placeholder="Cari barang apa hari ini?" required&gt;\n
                    &lt;/form&gt;\n
                &lt;/div&gt;\n
                \n
                &lt;!-- 3. Actions Icons (Kanan) --&gt;\n
                &lt;div class="flex items-center gap-3 sm:gap-4"&gt;\n
\n
                                            &lt;!-- Jika Login: Tampilkan Cart &amp; Profile --&gt;\n
                        &lt;a href="https://b8ffe87ca4de.ngrok-free.app/cart" class="p-2.5 text-gray-500 hover:text-[#EC1C25] hover:bg-red-50 rounded-xl transition-all relative group"&gt;\n
                            &lt;svg class="w-6 h-6" fill="none" stroke="currentColor" viewBox="0 0 24 24"&gt;&lt;path stroke-linecap="round" stroke-linejoin="round" stroke-width="2" d="M3 3h2l.4 2M7 13h10l4-8H5.4M7 13L5.4 5M7 13l-2.293 2.293c-.63.63-.184 1.707.707 1.707H17m0 0a2 2 0 100 4 2 2 0 000-4zm-8 2a2 2 0 11-4 0 2 2 0 014 0z"/&gt;&lt;/svg&gt;\n
                            \n
                                                        \n
                                                    &lt;/a&gt;\n
\n
                        &lt;div class="h-8 w-px bg-gray-200 hidden md:block"&gt;&lt;/div&gt;\n
\n
                        &lt;!-- User Profile Dropdown (Fixed relative positioning) --&gt;\n
                        &lt;div class="relative ml-3"&gt;\n
                            &lt;button type="button" class="flex items-center gap-3 text-sm rounded-full md:me-0 focus:ring-4 focus:ring-gray-100 transition-all p-1 pr-3 border border-transparent hover:border-gray-200 hover:bg-gray-50" id="user-menu-button" aria-expanded="false"&gt;\n
                                &lt;img class="w-9 h-9 rounded-full object-cover border border-gray-200 shadow-sm"\n
                                     src="https://ui-avatars.com/api/?name=Alessandra+Spencer&amp;amp;background=EC1C25&amp;amp;color=fff"\n
                                     alt="user photo"&gt;\n
                                &lt;div class="hidden md:block text-left"&gt;\n
                                    &lt;span class="block text-sm font-bold text-gray-900 truncate max-w-[100px]"&gt;Alessandra S...&lt;/span&gt;\n
                                &lt;/div&gt;\n
                                &lt;svg class="w-4 h-4 text-gray-400 hidden md:block transition-transform duration-200" id="dropdown-arrow" fill="none" stroke="currentColor" viewBox="0 0 24 24"&gt;&lt;path stroke-linecap="round" stroke-linejoin="round" stroke-width="2" d="M19 9l-7 7-7-7"&gt;&lt;/path&gt;&lt;/svg&gt;\n
                            &lt;/button&gt;\n
\n
                            &lt;!-- Isian Dropdown Menu --&gt;\n
                            &lt;div class="absolute right-0 top-full mt-2 z-50 hidden text-base list-none bg-white divide-y divide-gray-100 rounded-2xl shadow-xl w-72 border border-gray-100 ring-1 ring-black ring-opacity-5 animate-fade-in-up origin-top-right" id="user-dropdown"&gt;\n
                                &lt;!-- Header Dropdown --&gt;\n
                                &lt;div class="px-5 py-5 bg-gradient-to-br from-gray-50 to-white rounded-t-2xl border-b border-gray-100"&gt;\n
                                    &lt;div class="flex items-center gap-3"&gt;\n
                                        &lt;img class="w-10 h-10 rounded-full object-cover border border-gray-200" src="https://ui-avatars.com/api/?name=Alessandra+Spencer&amp;amp;background=EC1C25&amp;amp;color=fff"&gt;\n
                                        &lt;div class="flex-1 min-w-0"&gt;\n
                                            &lt;p class="text-sm font-bold text-gray-900 truncate"&gt;Alessandra Spencer&lt;/p&gt;\n
                                            &lt;p class="text-xs text-gray-500 truncate"&gt;rberge@example.com&lt;/p&gt;\n
                                        &lt;/div&gt;\n
                                    &lt;/div&gt;\n
                                &lt;/div&gt;\n
                                &lt;div class="p-2"&gt;\n
                                    &lt;a href="https://b8ffe87ca4de.ngrok-free.app/profile" class="flex items-center px-4 py-2.5 text-sm font-medium text-gray-700 rounded-xl hover:bg-red-50 hover:text-[#EC1C25] transition-all gap-3"&gt;\n
                                        &lt;svg class="w-5 h-5 text-gray-400 group-hover:text-[#EC1C25]" fill="none" stroke="currentColor" viewBox="0 0 24 24"&gt;&lt;path stroke-linecap="round" stroke-linejoin="round" stroke-width="2" d="M16 7a4 4 0 11-8 0 4 4 0 018 0zM12 14a7 7 0 00-7 7h14a7 7 0 00-7-7z"&gt;&lt;/path&gt;&lt;/svg&gt;\n
                                        Profil Saya\n
                                    &lt;/a&gt;\n
\n
                                    &lt;!-- Logic Toko Saya / Buka Toko --&gt;\n
                                    &lt;a href="https://b8ffe87ca4de.ngrok-free.app/myshop" class="flex items-center px-4 py-2.5 text-sm font-medium text-gray-700 rounded-xl hover:bg-red-50 hover:text-[#EC1C25] transition-all gap-3"&gt;\n
                                        &lt;svg class="w-5 h-5 text-gray-400 group-hover:text-[#EC1C25]" fill="none" stroke="currentColor" viewBox="0 0 24 24"&gt;&lt;path stroke-linecap="round" stroke-linejoin="round" stroke-width="2" d="M19 21V5a2 2 0 00-2-2H7a2 2 0 00-2 2v16m14 0h2m-2 0h-5m-9 0H3m2 0h5M9 7h1m-1 4h1m4-4h1m-1 4h1m-5 10v-5a1 1 0 011-1h2a1 1 0 011 1v5m-4 0h4"&gt;&lt;/path&gt;&lt;/svg&gt;\n
                                        Buka Toko\n
                                    &lt;/a&gt;\n
\n
                                    &lt;a href="https://b8ffe87ca4de.ngrok-free.app/orders" class="flex items-center px-4 py-2.5 text-sm font-medium text-gray-700 rounded-xl hover:bg-red-50 hover:text-[#EC1C25] transition-all gap-3"&gt;\n
                                        &lt;svg class="w-5 h-5 text-gray-400 group-hover:text-[#EC1C25]" fill="none" stroke="currentColor" viewBox="0 0 24 24"&gt;&lt;path stroke-linecap="round" stroke-linejoin="round" stroke-width="2" d="M9 5H7a2 2 0 00-2 2v12a2 2 0 002 2h10a2 2 0 002-2V7a2 2 0 00-2-2h-2M9 5a2 2 0 002 2h2a2 2 0 002-2M9 5a2 2 0 012-2h2a2 2 0 012 2m-3 7h3m-3 4h3m-6-4h.01M9 16h.01"&gt;&lt;/path&gt;&lt;/svg&gt;\n
                                        Riwayat Pembelian\n
                                    &lt;/a&gt;\n
                                &lt;/div&gt;\n
                                &lt;div class="p-2"&gt;\n
                                    &lt;form method="POST" action="https://b8ffe87ca4de.ngrok-free.app/logout"&gt;\n
                                        &lt;input type="hidden" name="_token" value="XKw4jPTONdl0WZRKAjdXCvD9gl3MWPnjjGvI67fq" autocomplete="off"&gt;                                        &lt;button type="submit" class="flex w-full items-center px-4 py-2.5 text-sm font-medium text-red-600 rounded-xl hover:bg-red-50 transition-all gap-3"&gt;\n
                                            &lt;svg class="w-5 h-5" fill="none" stroke="currentColor" viewBox="0 0 24 24"&gt;&lt;path stroke-linecap="round" stroke-linejoin="round" stroke-width="2" d="M17 16l4-4m0 0l-4-4m4 4H7m6 4v1a3 3 0 01-3 3H6a3 3 0 01-3-3V7a3 3 0 013-3h4a3 3 0 013 3v1"&gt;&lt;/path&gt;&lt;/svg&gt;\n
                                            Keluar\n
                                        &lt;/button&gt;\n
                                    &lt;/form&gt;\n
                                &lt;/div&gt;\n
                            &lt;/div&gt;\n
                        &lt;/div&gt;\n
\n
                                    &lt;/div&gt;\n
            &lt;/div&gt;\n
        &lt;/div&gt;\n
    &lt;/nav&gt;\n
\n
    &lt;!-- Content Wrapper --&gt;\n
    &lt;main class="flex-grow pt-20 md:pt-24 pb-12"&gt;\n
        &lt;div class="min-h-screen bg-[#F8F9FA]"&gt;\r\n
    &lt;div class="max-w-7xl mx-auto px-4 sm:px-6 lg:px-8 py-8"&gt;\r\n
        \r\n
        &lt;div class="flex flex-col lg:flex-row gap-8"&gt;\r\n
            \r\n
            &lt;!-- SIDEBAR FILTERS --&gt;\r\n
            &lt;div class="w-full lg:w-72 flex-shrink-0 space-y-6"&gt;\r\n
                &lt;!-- Mobile Filter Toggle --&gt;\r\n
                &lt;div class="lg:hidden mb-4"&gt;\r\n
                    &lt;button id="mobileFilterBtn" class="w-full bg-white border border-gray-200 text-gray-700 font-bold py-3 px-4 rounded-xl flex items-center justify-between shadow-sm"&gt;\r\n
                        &lt;span&gt;Filter Produk&lt;/span&gt;\r\n
                        &lt;svg class="w-5 h-5" fill="none" stroke="currentColor" viewBox="0 0 24 24"&gt;&lt;path stroke-linecap="round" stroke-linejoin="round" stroke-width="2" d="M12 6V4m0 2a2 2 0 100 4m0-4a2 2 0 110 4m-6 8a2 2 0 100-4m0 4a2 2 0 110-4m0 4v2m0-6V4m6 6v10m6-2a2 2 0 100-4m0 4a2 2 0 110-4m0 4v2m0-6V4"&gt;&lt;/path&gt;&lt;/svg&gt;\r\n
                    &lt;/button&gt;\r\n
                &lt;/div&gt;\r\n
\r\n
                &lt;div id="filterSidebar" class="hidden lg:block bg-white p-6 rounded-2xl border border-gray-100 shadow-xl shadow-gray-200/40 sticky top-24 transition-all"&gt;\r\n
                    &lt;div class="flex items-center justify-between mb-6 pb-4 border-b border-gray-50"&gt;\r\n
                        &lt;h3 class="text-lg font-bold text-gray-900 flex items-center gap-2"&gt;\r\n
                             &lt;svg class="w-5 h-5 text-[#EC1C25]" fill="none" stroke="currentColor" viewBox="0 0 24 24"&gt;&lt;path stroke-linecap="round" stroke-linejoin="round" stroke-width="2" d="M12 6V4m0 2a2 2 0 100 4m0-4a2 2 0 110 4m-6 8a2 2 0 100-4m0 4a2 2 0 110-4m0 4v2m0-6V4m6 6v10m6-2a2 2 0 100-4m0 4a2 2 0 110-4m0 4v2m0-6V4"&gt;&lt;/path&gt;&lt;/svg&gt;\r\n
                            Filter\r\n
                        &lt;/h3&gt;\r\n
                        &lt;a href="https://b8ffe87ca4de.ngrok-free.app/search" class="text-xs text-gray-400 font-medium hover:text-[#EC1C25] transition-colors"&gt;Reset All&lt;/a&gt;\r\n
                    &lt;/div&gt;\r\n
\r\n
                    &lt;form action="https://b8ffe87ca4de.ngrok-free.app/search" method="GET" id="filterForm"&gt;\r\n
                         &lt;input type="hidden" name="search" value="Bad Product"&gt;                         \r\n
                        &lt;!-- Kategori --&gt;\r\n
                        &lt;div class="mb-8"&gt;\r\n
                            &lt;h4 class="text-sm font-extrabold text-gray-900 mb-4 uppercase tracking-wide"&gt;Kategori&lt;/h4&gt;\r\n
                            &lt;div class="space-y-1 max-h-64 overflow-y-auto pr-2 custom-scrollbar"&gt;\r\n
                                &lt;label class="flex items-center gap-3 p-2 rounded-lg hover:bg-gray-50 cursor-pointer transition-colors group"&gt;\r\n
                                    &lt;input type="radio" name="category" value="" class="text-[#EC1C25] focus:ring-[#EC1C25] border-gray-300 w-4 h-4" checked&gt;\r\n
                                    &lt;span class="text-sm text-gray-600 group-hover:text-gray-900 font-medium"&gt;Semua Kategori&lt;/span&gt;\r\n
                                &lt;/label&gt;\r\n
                                                                    &lt;label class="flex items-center gap-3 p-2 rounded-lg hover:bg-gray-50 cursor-pointer transition-colors group"&gt;\r\n
                                        &lt;input type="radio" name="category" value="consequuntur" class="text-[#EC1C25] focus:ring-[#EC1C25] border-gray-300 w-4 h-4" &gt;\r\n
                                        &lt;span class="text-sm text-gray-600 group-hover:text-gray-900 font-medium"&gt;consequuntur&lt;/span&gt;\r\n
                                    &lt;/label&gt;\r\n
                                                            &lt;/div&gt;\r\n
                        &lt;/div&gt;\r\n
\r\n
                        &lt;!-- Subcategory --&gt;\r\n
                        \r\n
                        &lt;!-- Kondisi --&gt;\r\n
                        &lt;div class="mb-8 pt-6 border-t border-gray-100"&gt;\r\n
                            &lt;h4 class="text-sm font-extrabold text-gray-900 mb-4 uppercase tracking-wide"&gt;Kondisi Barang&lt;/h4&gt;\r\n
                            &lt;div class="flex flex-col gap-2"&gt;\r\n
                                 &lt;label class="flex items-center gap-3 p-2 rounded-lg hover:bg-gray-50 cursor-pointer group"&gt;\r\n
                                    &lt;input type="checkbox" name="condition" value="new" class="rounded text-[#EC1C25] focus:ring-[#EC1C25] border-gray-300 w-4 h-4" &gt;\r\n
                                    &lt;span class="text-sm text-gray-600 group-hover:text-gray-900 font-medium"&gt;Baru (New)&lt;/span&gt;\r\n
                                &lt;/label&gt;\r\n
                                &lt;label class="flex items-center gap-3 p-2 rounded-lg hover:bg-gray-50 cursor-pointer group"&gt;\r\n
                                    &lt;input type="checkbox" name="condition" value="used" class="rounded text-[#EC1C25] focus:ring-[#EC1C25] border-gray-300 w-4 h-4" &gt;\r\n
                                    &lt;span class="text-sm text-gray-600 group-hover:text-gray-900 font-medium"&gt;Bekas (Pre-loved)&lt;/span&gt;\r\n
                                &lt;/label&gt;\r\n
                            &lt;/div&gt;\r\n
                        &lt;/div&gt;\r\n
\r\n
                        &lt;!-- Harga --&gt;\r\n
                        &lt;div class="mb-8 pt-6 border-t border-gray-100"&gt;\r\n
                             &lt;h4 class="text-sm font-extrabold text-gray-900 mb-4 uppercase tracking-wide"&gt;Rentang Harga&lt;/h4&gt;\r\n
                            &lt;div class="space-y-3"&gt;\r\n
                                &lt;div class="relative"&gt;\r\n
                                    &lt;span class="absolute left-3 top-2.5 text-gray-400 text-sm"&gt;Rp&lt;/span&gt;\r\n
                                    &lt;input type="number" name="min_price" value="" placeholder="Minimum" class="w-full pl-10 pr-4 py-2 text-sm border-gray-200 rounded-xl focus:ring-[#EC1C25] focus:border-[#EC1C25]"&gt;\r\n
                                &lt;/div&gt;\r\n
                                &lt;div class="relative"&gt;\r\n
                                    &lt;span class="absolute left-3 top-2.5 text-gray-400 text-sm"&gt;Rp&lt;/span&gt;\r\n
                                    &lt;input type="number" name="max_price" value="" placeholder="Maksimum" class="w-full pl-10 pr-4 py-2 text-sm border-gray-200 rounded-xl focus:ring-[#EC1C25] focus:border-[#EC1C25]"&gt;\r\n
                                &lt;/div&gt;\r\n
                            &lt;/div&gt;\r\n
                        &lt;/div&gt;\r\n
\r\n
                        &lt;button type="submit" class="w-full bg-[#EC1C25] text-white font-bold py-3.5 rounded-xl shadow-lg shadow-red-500/20 hover:bg-[#c4161e] hover:shadow-red-500/40 transition-all transform hover:-translate-y-0.5 active:scale-95"&gt;\r\n
                            Terapkan Filter\r\n
                        &lt;/button&gt;\r\n
                    &lt;/form&gt;\r\n
                &lt;/div&gt;\r\n
            &lt;/div&gt;\r\n
\r\n
            &lt;!-- MAIN CONTENT --&gt;\r\n
            &lt;div class="flex-grow"&gt;\r\n
                \r\n
                &lt;!-- Breadcrumb &amp; Header --&gt;\r\n
                \r\n
                &lt;!-- Search Result Header --&gt;\r\n
                &lt;div class="flex flex-col sm:flex-row justify-between items-center bg-white p-5 rounded-2xl border border-gray-100 shadow-sm mb-6"&gt;\r\n
                    &lt;div&gt;\r\n
                                                    &lt;h1 class="text-lg text-gray-600"&gt;Hasil pencarian: "&lt;span class="font-extrabold text-gray-900"&gt;Bad Product&lt;/span&gt;"&lt;/h1&gt;\r\n
                                                &lt;p class="text-xs text-gray-500 mt-1 font-medium"&gt;0 produk ditemukan&lt;/p&gt;\r\n
                    &lt;/div&gt;\r\n
                    \r\n
                    &lt;div class="mt-4 sm:mt-0 flex items-center gap-3"&gt;\r\n
                        &lt;label class="text-xs text-gray-500 font-medium hidden sm:inline"&gt;Urutkan:&lt;/label&gt;\r\n
                        &lt;select name="sort" form="filterForm" onchange="this.form.submit()" class="bg-gray-50 border border-gray-200 text-gray-700 text-sm font-bold rounded-xl focus:ring-[#EC1C25] focus:border-[#EC1C25] block py-2.5 px-4 cursor-pointer hover:bg-gray-100 transition-colors"&gt;\r\n
                            &lt;option value="latest" &gt;Terbaru&lt;/option&gt;\r\n
                            &lt;option value="price_asc" &gt;Harga Terendah&lt;/option&gt;\r\n
                            &lt;option value="price_desc" &gt;Harga Tertinggi&lt;/option&gt;\r\n
                        &lt;/select&gt;\r\n
                    &lt;/div&gt;\r\n
                &lt;/div&gt;\r\n
\r\n
                &lt;!-- Product Grid --&gt;\r\n
                                    &lt;div class="flex flex-col items-center justify-center py-24 text-center bg-white rounded-3xl border border-dashed border-gray-200"&gt;\r\n
                        &lt;div class="w-20 h-20 bg-gray-50 rounded-full flex items-center justify-center mb-6 text-gray-300 animate-pulse"&gt;\r\n
                            &lt;svg class="w-10 h-10" fill="none" stroke="currentColor" viewBox="0 0 24 24"&gt;&lt;path stroke-linecap="round" stroke-linejoin="round" stroke-width="2" d="M21 21l-6-6m2-5a7 7 0 11-14 0 7 7 0 0114 0z"&gt;&lt;/path&gt;&lt;/svg&gt;\r\n
                        &lt;/div&gt;\r\n
                        &lt;h3 class="text-xl font-bold text-gray-900 mb-2"&gt;Produk Tidak Ditemukan&lt;/h3&gt;\r\n
                        &lt;p class="text-gray-500 mb-8 max-w-sm mx-auto"&gt;Kami tidak dapat menemukan produk yang sesuai dengan filter Anda. Coba kata kunci lain atau reset filter.&lt;/p&gt;\r\n
                        &lt;a href="https://b8ffe87ca4de.ngrok-free.app/search" class="px-8 py-3 bg-gray-900 text-white rounded-xl font-bold hover:bg-gray-800 transition-shadow shadow-lg hover:shadow-xl"&gt;\r\n
                            Reset Filter\r\n
                        &lt;/a&gt;\r\n
                    &lt;/div&gt;\r\n
                            &lt;/div&gt;\r\n
\r\n
        &lt;/div&gt;\r\n
    &lt;/div&gt;\r\n
&lt;/div&gt;\r\n
\r\n
&lt;script&gt;\r\n
    // Simple script for mobile filter toggle\r\n
    document.getElementById('mobileFilterBtn').addEventListener('click', function() {\r\n
        const sidebar = document.getElementById('filterSidebar');\r\n
        sidebar.classList.toggle('hidden');\r\n
    });\r\n
&lt;/script&gt;\r\n
    &lt;/main&gt;\n
\n
    &lt;!-- Footer Simple --&gt;\n
        &lt;footer class="bg-white border-t border-gray-200 mt-auto"&gt;\n
        &lt;div class="max-w-7xl mx-auto px-4 py-12"&gt;\n
            &lt;div class="grid grid-cols-1 md:grid-cols-4 gap-8 md:gap-12"&gt;\n
                &lt;div class="col-span-1 md:col-span-1"&gt;\n
                    &lt;div class="flex items-center gap-2 mb-4"&gt;\n
                        &lt;div class="bg-[#EC1C25] text-white p-1.5 rounded-lg"&gt;\n
                            &lt;svg class="w-5 h-5" fill="none" stroke="currentColor" viewBox="0 0 24 24"&gt;&lt;path stroke-linecap="round" stroke-linejoin="round" stroke-width="2" d="M16 11V7a4 4 0 00-8 0v4M5 9h14l1 12H4L5 9z"&gt;&lt;/path&gt;&lt;/svg&gt;\n
                        &lt;/div&gt;\n
                        &lt;span class="text-xl font-bold text-gray-900 tracking-tight"&gt;TeluConsign&lt;/span&gt;\n
                    &lt;/div&gt;\n
                    &lt;p class="text-gray-500 text-sm leading-relaxed"&gt;\n
                        Platform jual beli aman dan terpercaya khusus untuk mahasiswa dan civitas akademika Telkom University.\n
                    &lt;/p&gt;\n
                &lt;/div&gt;\n
                &lt;div&gt;\n
                    &lt;h3 class="text-sm font-bold text-gray-900 uppercase tracking-wider mb-4"&gt;Belanja&lt;/h3&gt;\n
                    &lt;ul class="space-y-3 text-sm text-gray-500"&gt;\n
                        &lt;li&gt;&lt;a href="#" class="hover:text-[#EC1C25] transition-colors"&gt;Semua Kategori&lt;/a&gt;&lt;/li&gt;\n
                        &lt;li&gt;&lt;a href="#" class="hover:text-[#EC1C25] transition-colors"&gt;Produk Terbaru&lt;/a&gt;&lt;/li&gt;\n
                        &lt;li&gt;&lt;a href="#" class="hover:text-[#EC1C25] transition-colors"&gt;Cara Belanja&lt;/a&gt;&lt;/li&gt;\n
                    &lt;/ul&gt;\n
                &lt;/div&gt;\n
                &lt;div&gt;\n
                    &lt;h3 class="text-sm font-bold text-gray-900 uppercase tracking-wider mb-4"&gt;Berjualan&lt;/h3&gt;\n
                    &lt;ul class="space-y-3 text-sm text-gray-500"&gt;\n
                        &lt;li&gt;&lt;a href="#" class="hover:text-[#EC1C25] transition-colors"&gt;Daftar Toko&lt;/a&gt;&lt;/li&gt;\n
                        &lt;li&gt;&lt;a href="#" class="hover:text-[#EC1C25] transition-colors"&gt;Panduan Penjual&lt;/a&gt;&lt;/li&gt;\n
                        &lt;li&gt;&lt;a href="#" class="hover:text-[#EC1C25] transition-colors"&gt;Kebijakan&lt;/a&gt;&lt;/li&gt;\n
                    &lt;/ul&gt;\n
                &lt;/div&gt;\n
                &lt;div&gt;\n
                    &lt;h3 class="text-sm font-bold text-gray-900 uppercase tracking-wider mb-4"&gt;Dukungan&lt;/h3&gt;\n
                    &lt;ul class="space-y-3 text-sm text-gray-500"&gt;\n
                        &lt;li&gt;&lt;a href="#" class="hover:text-[#EC1C25] transition-colors"&gt;Pusat Bantuan&lt;/a&gt;&lt;/li&gt;\n
                        &lt;li&gt;&lt;a href="#" class="hover:text-[#EC1C25] transition-colors"&gt;Hubungi Kami&lt;/a&gt;&lt;/li&gt;\n
                        &lt;li&gt;&lt;a href="#" class="hover:text-[#EC1C25] transition-colors"&gt;Tentang Kami&lt;/a&gt;&lt;/li&gt;\n
                    &lt;/ul&gt;\n
                &lt;/div&gt;\n
            &lt;/div&gt;\n
            &lt;div class="border-t border-gray-100 mt-12 pt-8 flex flex-col md:flex-row justify-between items-center gap-4 text-sm text-gray-400"&gt;\n
                &lt;p&gt;&amp;copy; 2025 TeluConsign. All rights reserved.&lt;/p&gt;\n
                &lt;div class="flex gap-6"&gt;\n
                    &lt;a href="#" class="hover:text-[#EC1C25]"&gt;Privacy Policy&lt;/a&gt;\n
                    &lt;a href="#" class="hover:text-[#EC1C25]"&gt;Terms of Service&lt;/a&gt;\n
                &lt;/div&gt;\n
            &lt;/div&gt;\n
        &lt;/div&gt;\n
    &lt;/footer&gt;\n
    \n
    &lt;!-- Scripts --&gt;\n
    &lt;script src="https://cdnjs.cloudflare.com/ajax/libs/flowbite/2.3.0/flowbite.min.js"&gt;&lt;/script&gt;\n
\n
    &lt;!-- Configured SweetAlert2 --&gt;\n
    &lt;script&gt;\n
        // ============================================\n
        // CUSTOM SWEETALERT2 CONFIGURATION\n
        // ============================================\n
        \n
        // Default Swal with Tel-U Consign Branding\n
        const Swal = window.Swal;\n
        \n
        // Set default configuration for ALL SweetAlerts\n
        Swal.mixin({\n
            customClass: {\n
                popup: 'rounded-2xl shadow-2xl border-0',\n
                title: 'text-2xl font-bold text-gray-800 mb-2',\n
                htmlContainer: 'text-gray-600 text-base leading-relaxed',\n
                confirmButton: 'swal-confirm-btn',\n
                cancelButton: 'swal-cancel-btn',\n
                actions: 'flex gap-3 justify-center mt-6'\n
            },\n
            buttonsStyling: false,\n
            showClass: {\n
                popup: 'animate__animated animate__fadeInDown animate__faster'\n
            },\n
            hideClass: {\n
                popup: 'animate__animated animate__fadeOutUp animate__faster'\n
            }\n
        });\n
\n
        // Custom Styled SweetAlert Mixin for Tel-U Consign\n
        const TeluSwal = Swal.mixin({\n
            customClass: {\n
                popup: 'rounded-2xl shadow-2xl border-0 overflow-hidden',\n
                title: 'text-2xl font-bold text-gray-900 mb-3 px-6 pt-6',\n
                htmlContainer: 'text-gray-600 text-base leading-relaxed px-6 pb-2',\n
                confirmButton: 'bg-[#EC1C25] hover:bg-[#c4161e] text-white font-bold py-3 px-6 rounded-xl shadow-lg hover:shadow-xl transition-all transform hover:-translate-y-0.5 focus:ring-4 focus:ring-red-200 mx-2 min-w-[120px]',\n
                cancelButton: 'bg-gray-100 hover:bg-gray-200 text-gray-700 font-semibold py-3 px-6 rounded-xl shadow-md hover:shadow-lg transition-all focus:ring-4 focus:ring-gray-200 mx-2 min-w-[120px]',\n
                actions: 'flex gap-3 justify-center p-6 bg-gray-50'\n
            },\n
            buttonsStyling: false,\n
            showClass: {\n
                popup: 'animate__animated animate__zoomIn animate__faster'\n
            },\n
            hideClass: {\n
                popup: 'animate__animated animate__zoomOut animate__faster'\n
            },\n
            // Default button texts in Indonesian\n
            confirmButtonText: 'OK',\n
            cancelButtonText: 'Batal'\n
        });\n
\n
        // Toast notification variant (top-right corner)\n
\n
\n
        // Custom CSS for SweetAlert2 buttons and toasts\n
        const style = document.createElement('style');\n
        style.textContent = `\n
            /* SweetAlert2 Custom Styling */\n
            .swal2-popup {\n
                font-family: 'Inter', sans-serif !important;\n
            }\n
            \n
            /* Icon styling */\n
            .swal2-icon {\n
                margin: 2rem auto 1rem !important;\n
                border-width: 3px !important;\n
            }\n
            \n
            .swal2-icon.swal2-success {\n
                border-color: #10b981 !important;\n
                color: #10b981 !important;\n
            }\n
            \n
            .swal2-icon.swal2-error {\n
                border-color: #ef4444 !important;\n
                color: #ef4444 !important;\n
            }\n
            \n
            .swal2-icon.swal2-warning {\n
                border-color: #f59e0b !important;\n
                color: #f59e0b !important;\n
            }\n
            \n
            .swal2-icon.swal2-info {\n
                border-color: #3b82f6 !important;\n
                color: #3b82f6 !important;\n
            }\n
            \n
            /* Success icon checkmark */\n
            .swal2-success-ring {\n
                border-color: rgba(16, 185, 129, 0.3) !important;\n
            }\n
            \n
            .swal2-success-line-tip,\n
            .swal2-success-line-long {\n
                background-color: #10b981 !important;\n
            }\n
            \n
            /* Error icon X */\n
            .swal2-x-mark-line-left,\n
            .swal2-x-mark-line-right {\n
                background-color: #ef4444 !important;\n
            }\n
            \n
            /* Warning icon ! */\n
            .swal2-icon.swal2-warning {\n
                border-color: #f59e0b !important;\n
                color: #f59e0b !important;\n
            }\n
            \n
            /* Timer progress bar */\n
            .swal2-timer-progress-bar {\n
                background: #EC1C25 !important;\n
            }\n
            \n
            /* Colored Toast Variants */\n
            .colored-toast.swal2-icon-success {\n
                background: linear-gradient(135deg, #10b981 0%, #059669 100%) !important;\n
                color: white !important;\n
            }\n
            \n
            .colored-toast.swal2-icon-error {\n
                background: linear-gradient(135deg, #ef4444 0%, #dc2626 100%) !important;\n
                color: white !important;\n
            }\n
            \n
            .colored-toast.swal2-icon-warning {\n
                background: linear-gradient(135deg, #f59e0b 0%, #d97706 100%) !important;\n
                color: white !important;\n
            }\n
            \n
            .colored-toast.swal2-icon-info {\n
                background: linear-gradient(135deg, #3b82f6 0%, #2563eb 100%) !important;\n
                color: white !important;\n
            }\n
            \n
            /* Input fields in SweetAlert */\n
            .swal2-input,\n
            .swal2-textarea {\n
                border: 2px solid #e5e7eb !important;\n
                border-radius: 0.75rem !important;\n
                padding: 0.75rem 1rem !important;\n
                font-size: 0.95rem !important;\n
                transition: all 0.2s !important;\n
            }\n
            \n
            .swal2-input:focus,\n
            .swal2-textarea:focus {\n
                border-color: #EC1C25 !important;\n
                box-shadow: 0 0 0 3px rgba(236, 28, 37, 0.1) !important;\n
                outline: none !important;\n
            }\n
            \n
            /* Validation message */\n
            .swal2-validation-message {\n
                background: #fef2f2 !important;\n
                border: 1px solid #fecaca !important;\n
                color: #dc2626 !important;\n
                border-radius: 0.5rem !important;\n
                padding: 0.5rem 1rem !important;\n
                font-size: 0.875rem !important;\n
            }\n
        `;\n
        document.head.appendChild(style);\n
\n
        // ============================================\n
        // AUTO-SHOW ALERTS FROM SESSION\n
        // ============================================\n
        document.addEventListener('DOMContentLoaded', function() {\n
                            TeluSwal.fire({\n
                    icon: 'success',\n
                    title: 'Berhasil!',\n
                    text: "Produk berhasil disuspend.",\n
                    confirmButtonText: 'OK, Mengerti',\n
                    timer: 4000,\n
                    timerProgressBar: true\n
                });\n
            \n
            \n
            \n
                    });\n
\n
        // ============================================\n
        // GLOBAL HELPER FUNCTIONS\n
        // ============================================\n
        \n
        // Delete Confirmation Helper\n
        window.confirmDelete = function(formId, itemName = 'item ini') {\n
            TeluSwal.fire({\n
                title: `Hapus ${itemName}?`,\n
                text: "Data yang dihapus tidak dapat dikembalikan!",\n
                icon: 'warning',\n
                showCancelButton: true,\n
                confirmButtonText: 'Ya, Hapus!',\n
                cancelButtonText: 'Batal',\n
                reverseButtons: true,\n
                focusCancel: true\n
            }).then((result) =&gt; {\n
                if (result.isConfirmed) {\n
                    // Show loading\n
                    TeluSwal.fire({\n
                        title: 'Menghapus...',\n
                        text: 'Mohon tunggu sebentar',\n
                        allowOutsideClick: false,\n
                        allowEscapeKey: false,\n
                        showConfirmButton: false,\n
                        didOpen: () =&gt; {\n
                            Swal.showLoading();\n
                        }\n
                    });\n
                    \n
                    document.getElementById(formId).submit();\n
                }\n
            });\n
        }\n
\n
        // Custom Dropdown Logic (Alternative to Flowbite)\n
        document.addEventListener('DOMContentLoaded', () =&gt; {\n
            const userBtn = document.getElementById('user-menu-button');\n
            const userDropdown = document.getElementById('user-dropdown');\n
            const arrow = document.getElementById('dropdown-arrow');\n
\n
            if(userBtn &amp;&amp; userDropdown) {\n
                userBtn.addEventListener('click', (e) =&gt; {\n
                    e.stopPropagation();\n
                    const isHidden = userDropdown.classList.contains('hidden');\n
                    \n
                    if (isHidden) {\n
                        userDropdown.classList.remove('hidden');\n
                        userBtn.setAttribute('aria-expanded', 'true');\n
                        if(arrow) arrow.classList.add('rotate-180');\n
                    } else {\n
                        userDropdown.classList.add('hidden');\n
                        userBtn.setAttribute('aria-expanded', 'false');\n
                        if(arrow) arrow.classList.remove('rotate-180');\n
                    }\n
                });\n
\n
                document.addEventListener('click', (e) =&gt; {\n
                    if(!userBtn.contains(e.target) &amp;&amp; !userDropdown.contains(e.target)) {\n
                        userDropdown.classList.add('hidden');\n
                        userBtn.setAttribute('aria-expanded', 'false');\n
                        if(arrow) arrow.classList.remove('rotate-180');\n
                    }\n
                });\n
            }\n
        });\n
\n
    &lt;/script&gt;\n
    &lt;!-- Global SweetAlert2 Configuration --&gt;\n
    &lt;script&gt;\n
        // Global Mixin for consistent styling using Tailwind classes via customClass\n
        const SwalCustom = Swal.mixin({\n
            confirmButtonColor: '#EC1C25',\n
            cancelButtonColor: '#94a3b8',\n
            customClass: {\n
                container: 'font-sans',\n
                popup: 'rounded-2xl shadow-xl border border-gray-100',\n
                title: 'text-xl font-bold text-gray-900',\n
                htmlContainer: 'text-gray-600',\n
                confirmButton: 'px-5 py-2.5 rounded-xl text-sm font-bold bg-[#EC1C25] text-white hover:bg-[#c4161e] focus:ring-4 focus:ring-red-100 transition-all',\n
                cancelButton: 'px-5 py-2.5 rounded-xl text-sm font-bold bg-gray-100 text-gray-600 hover:bg-gray-200 focus:ring-4 focus:ring-gray-100 transition-all ml-2'\n
            },\n
            buttonsStyling: false,\n
            reverseButtons: true\n
        });\n
\n
        const Toast = Swal.mixin({\n
            toast: true,\n
            position: 'top-end',\n
            showConfirmButton: false,\n
            timer: 3000,\n
            timerProgressBar: true,\n
            customClass: {\n
                popup: '!rounded-xl !bg-white !shadow-lg !border !border-gray-100'\n
            },\n
            didOpen: (toast) =&gt; {\n
                toast.addEventListener('mouseenter', Swal.stopTimer)\n
                toast.addEventListener('mouseleave', Swal.resumeTimer)\n
            }\n
        });\n
\n
        // Flash Message Handler\n
                    Toast.fire({\n
                icon: 'success',\n
                title: "Produk berhasil disuspend."\n
            });\n
        \n
            &lt;/script&gt;\n
&lt;/body&gt;\n
&lt;/html&gt;\n
' [ASCII](length: 37521) does not contain "Bad Product" [ASCII](length: 11).
&#13;
C:\laragon\www\teluconsign\vendor\laravel\framework\src\Illuminate\Testing\TestResponseAssert.php:45
C:\laragon\www\teluconsign\vendor\laravel\framework\src\Illuminate\Testing\TestResponse.php:782
C:\laragon\www\teluconsign\tests\Feature\AdvancedScenariosTest.php:108</failure>
        </testcase>
        <testcase name="test_checkout_decrements_product_stock" file="C:\laragon\www\teluconsign\tests\Feature\AdvancedScenariosTest.php" line="111" class="Tests\Feature\AdvancedScenariosTest" classname="Tests.Feature.AdvancedScenariosTest" assertions="1" time="0.025715">
          <failure type="PHPUnit\Framework\ExpectationFailedException">Tests\Feature\AdvancedScenariosTest::test_checkout_decrements_product_stock&#13;
Expected response status code [200] but received 500.
Failed asserting that 500 is identical to 200.
&#13;
C:\laragon\www\teluconsign\vendor\laravel\framework\src\Illuminate\Testing\TestResponseAssert.php:45
C:\laragon\www\teluconsign\vendor\laravel\framework\src\Illuminate\Testing\TestResponse.php:174
C:\laragon\www\teluconsign\tests\Feature\AdvancedScenariosTest.php:143</failure>
        </testcase>
        <testcase name="test_user_can_access_payment_page_for_pending_order" file="C:\laragon\www\teluconsign\tests\Feature\AdvancedScenariosTest.php" line="151" class="Tests\Feature\AdvancedScenariosTest" classname="Tests.Feature.AdvancedScenariosTest" assertions="0" time="0.014547">
          <error type="Illuminate\Database\QueryException">Tests\Feature\AdvancedScenariosTest::test_user_can_access_payment_page_for_pending_order&#13;
Illuminate\Database\QueryException: SQLSTATE[HY000]: General error: 1 no such table: payment_gateways (Connection: sqlite, SQL: insert into "payment_gateways" ("code", "name", "is_enabled") values (midtrans, Midtrans, 1))
&#13;
C:\laragon\www\teluconsign\vendor\laravel\framework\src\Illuminate\Database\Connection.php:824
C:\laragon\www\teluconsign\vendor\laravel\framework\src\Illuminate\Database\Connection.php:778
C:\laragon\www\teluconsign\vendor\laravel\framework\src\Illuminate\Database\Connection.php:559
C:\laragon\www\teluconsign\vendor\laravel\framework\src\Illuminate\Database\Connection.php:523
C:\laragon\www\teluconsign\vendor\laravel\framework\src\Illuminate\Database\Query\Processors\Processor.php:32
C:\laragon\www\teluconsign\vendor\laravel\framework\src\Illuminate\Database\Query\Builder.php:3853
C:\laragon\www\teluconsign\tests\Feature\AdvancedScenariosTest.php:171</error>
        </testcase>
      </testsuite>
      <testsuite name="Tests\Feature\BuyerOrderTest" file="C:\laragon\www\teluconsign\tests\Feature\BuyerOrderTest.php" tests="3" assertions="4" errors="0" failures="2" skipped="0" time="0.064929">
        <testcase name="test_buyer_can_view_order_history" file="C:\laragon\www\teluconsign\tests\Feature\BuyerOrderTest.php" line="17" class="Tests\Feature\BuyerOrderTest" classname="Tests.Feature.BuyerOrderTest" assertions="2" time="0.021639"/>
        <testcase name="test_buyer_can_view_order_details" file="C:\laragon\www\teluconsign\tests\Feature\BuyerOrderTest.php" line="42" class="Tests\Feature\BuyerOrderTest" classname="Tests.Feature.BuyerOrderTest" assertions="1" time="0.018109">
          <failure type="PHPUnit\Framework\ExpectationFailedException">Tests\Feature\BuyerOrderTest::test_buyer_can_view_order_details&#13;
Expected response status code [200] but received 404.
Failed asserting that 404 is identical to 200.
&#13;
C:\laragon\www\teluconsign\vendor\laravel\framework\src\Illuminate\Testing\TestResponseAssert.php:45
C:\laragon\www\teluconsign\vendor\laravel\framework\src\Illuminate\Testing\TestResponse.php:174
C:\laragon\www\teluconsign\tests\Feature\BuyerOrderTest.php:74</failure>
        </testcase>
        <testcase name="test_buyer_cannot_view_others_orders" file="C:\laragon\www\teluconsign\tests\Feature\BuyerOrderTest.php" line="78" class="Tests\Feature\BuyerOrderTest" classname="Tests.Feature.BuyerOrderTest" assertions="1" time="0.025181">
          <failure type="PHPUnit\Framework\ExpectationFailedException">Tests\Feature\BuyerOrderTest::test_buyer_cannot_view_others_orders&#13;
Expected response status code [403] but received 404.
Failed asserting that 404 is identical to 403.
&#13;
C:\laragon\www\teluconsign\vendor\laravel\framework\src\Illuminate\Testing\TestResponseAssert.php:45
C:\laragon\www\teluconsign\vendor\laravel\framework\src\Illuminate\Testing\TestResponse.php:174
C:\laragon\www\teluconsign\tests\Feature\BuyerOrderTest.php:104</failure>
        </testcase>
      </testsuite>
      <testsuite name="Tests\Feature\CartManipulationTest" file="C:\laragon\www\teluconsign\tests\Feature\CartManipulationTest.php" tests="2" assertions="3" errors="0" failures="1" skipped="0" time="0.038964">
        <testcase name="test_user_can_update_cart_item_quantity" file="C:\laragon\www\teluconsign\tests\Feature\CartManipulationTest.php" line="15" class="Tests\Feature\CartManipulationTest" classname="Tests.Feature.CartManipulationTest" assertions="2" time="0.020607"/>
        <testcase name="test_user_can_remove_item_from_cart" file="C:\laragon\www\teluconsign\tests\Feature\CartManipulationTest.php" line="41" class="Tests\Feature\CartManipulationTest" classname="Tests.Feature.CartManipulationTest" assertions="1" time="0.018358">
          <failure type="PHPUnit\Framework\ExpectationFailedException">Tests\Feature\CartManipulationTest::test_user_can_remove_item_from_cart&#13;
Expected response status code [200] but received 302.
Failed asserting that 302 is identical to 200.
&#13;
C:\laragon\www\teluconsign\vendor\laravel\framework\src\Illuminate\Testing\TestResponseAssert.php:45
C:\laragon\www\teluconsign\vendor\laravel\framework\src\Illuminate\Testing\TestResponse.php:174
C:\laragon\www\teluconsign\tests\Feature\CartManipulationTest.php:56</failure>
        </testcase>
      </testsuite>
      <testsuite name="Tests\Feature\CheckoutTest" file="C:\laragon\www\teluconsign\tests\Feature\CheckoutTest.php" tests="3" assertions="8" errors="0" failures="1" skipped="0" time="0.061295">
        <testcase name="test_user_can_add_item_to_cart" file="C:\laragon\www\teluconsign\tests\Feature\CheckoutTest.php" line="19" class="Tests\Feature\CheckoutTest" classname="Tests.Feature.CheckoutTest" assertions="3" time="0.021057"/>
        <testcase name="test_user_can_place_order" file="C:\laragon\www\teluconsign\tests\Feature\CheckoutTest.php" line="36" class="Tests\Feature\CheckoutTest" classname="Tests.Feature.CheckoutTest" assertions="4" time="0.021474"/>
        <testcase name="test_user_cannot_checkout_if_stock_insufficient" file="C:\laragon\www\teluconsign\tests\Feature\CheckoutTest.php" line="87" class="Tests\Feature\CheckoutTest" classname="Tests.Feature.CheckoutTest" assertions="1" time="0.018763">
          <failure type="PHPUnit\Framework\ExpectationFailedException">Tests\Feature\CheckoutTest::test_user_cannot_checkout_if_stock_insufficient&#13;
Expected response status code [400] but received 500.
Failed asserting that 500 is identical to 400.
&#13;
C:\laragon\www\teluconsign\vendor\laravel\framework\src\Illuminate\Testing\TestResponseAssert.php:45
C:\laragon\www\teluconsign\vendor\laravel\framework\src\Illuminate\Testing\TestResponse.php:174
C:\laragon\www\teluconsign\tests\Feature\CheckoutTest.php:123</failure>
        </testcase>
      </testsuite>
      <testsuite name="Tests\Feature\ComprehensiveControllerTest" file="C:\laragon\www\teluconsign\tests\Feature\ComprehensiveControllerTest.php" tests="4" assertions="15" errors="1" failures="1" skipped="0" time="0.419109">
        <testcase name="test_admin_category_management_flow" file="C:\laragon\www\teluconsign\tests\Feature\ComprehensiveControllerTest.php" line="23" class="Tests\Feature\ComprehensiveControllerTest" classname="Tests.Feature.ComprehensiveControllerTest" assertions="9" time="0.061695">
          <failure type="PHPUnit\Framework\ExpectationFailedException">Tests\Feature\ComprehensiveControllerTest::test_admin_category_management_flow&#13;
Failed asserting that any soft deleted row in the table [categories] matches the attributes {"category_id":1}.

The table is empty.
&#13;
C:\laragon\www\teluconsign\vendor\laravel\framework\src\Illuminate\Foundation\Testing\Concerns\InteractsWithDatabase.php:145
C:\laragon\www\teluconsign\tests\Feature\ComprehensiveControllerTest.php:56</failure>
        </testcase>
        <testcase name="test_webhook_midtrans_notification_settlement" file="C:\laragon\www\teluconsign\tests\Feature\ComprehensiveControllerTest.php" line="61" class="Tests\Feature\ComprehensiveControllerTest" classname="Tests.Feature.ComprehensiveControllerTest" assertions="5" time="0.332198"/>
        <testcase name="test_moderation_action_model_logic" file="C:\laragon\www\teluconsign\tests\Feature\ComprehensiveControllerTest.php" line="130" class="Tests\Feature\ComprehensiveControllerTest" classname="Tests.Feature.ComprehensiveControllerTest" assertions="0" time="0.015092">
          <error type="Illuminate\Database\QueryException">Tests\Feature\ComprehensiveControllerTest::test_moderation_action_model_logic&#13;
Illuminate\Database\QueryException: SQLSTATE[HY000]: General error: 1 table moderation_actions has no column named updated_at (Connection: sqlite, SQL: insert into "moderation_actions" ("admin_id", "target_type", "target_id", "action", "reason", "updated_at", "created_at") values (1, product, 1, suspend, Bad Content, 2025-12-26 22:23:09, 2025-12-26 22:23:09))
&#13;
C:\laragon\www\teluconsign\vendor\laravel\framework\src\Illuminate\Database\Connection.php:824
C:\laragon\www\teluconsign\vendor\laravel\framework\src\Illuminate\Database\Connection.php:778
C:\laragon\www\teluconsign\vendor\laravel\framework\src\Illuminate\Database\Connection.php:559
C:\laragon\www\teluconsign\vendor\laravel\framework\src\Illuminate\Database\Connection.php:523
C:\laragon\www\teluconsign\vendor\laravel\framework\src\Illuminate\Database\Query\Processors\Processor.php:32
C:\laragon\www\teluconsign\vendor\laravel\framework\src\Illuminate\Database\Query\Builder.php:3853
C:\laragon\www\teluconsign\vendor\laravel\framework\src\Illuminate\Database\Eloquent\Builder.php:2235
C:\laragon\www\teluconsign\vendor\laravel\framework\src\Illuminate\Database\Eloquent\Model.php:1436
C:\laragon\www\teluconsign\vendor\laravel\framework\src\Illuminate\Database\Eloquent\Model.php:1401
C:\laragon\www\teluconsign\vendor\laravel\framework\src\Illuminate\Database\Eloquent\Model.php:1240
C:\laragon\www\teluconsign\vendor\laravel\framework\src\Illuminate\Database\Eloquent\Builder.php:1219
C:\laragon\www\teluconsign\vendor\laravel\framework\src\Illuminate\Support\helpers.php:390
C:\laragon\www\teluconsign\vendor\laravel\framework\src\Illuminate\Database\Eloquent\Builder.php:1218
C:\laragon\www\teluconsign\vendor\laravel\framework\src\Illuminate\Support\Traits\ForwardsCalls.php:23
C:\laragon\www\teluconsign\vendor\laravel\framework\src\Illuminate\Database\Eloquent\Model.php:2540
C:\laragon\www\teluconsign\app\Models\ModerationAction.php:35
C:\laragon\www\teluconsign\tests\Feature\ComprehensiveControllerTest.php:138</error>
        </testcase>
        <testcase name="test_app_service_provider_boots" file="C:\laragon\www\teluconsign\tests\Feature\ComprehensiveControllerTest.php" line="160" class="Tests\Feature\ComprehensiveControllerTest" classname="Tests.Feature.ComprehensiveControllerTest" assertions="1" time="0.010125"/>
      </testsuite>
      <testsuite name="Tests\Feature\ExampleTest" file="C:\laragon\www\teluconsign\tests\Feature\ExampleTest.php" tests="1" assertions="1" errors="0" failures="0" skipped="0" time="0.014967">
        <testcase name="test_the_application_returns_a_successful_response" file="C:\laragon\www\teluconsign\tests\Feature\ExampleTest.php" line="14" class="Tests\Feature\ExampleTest" classname="Tests.Feature.ExampleTest" assertions="1" time="0.014967"/>
      </testsuite>
      <testsuite name="Tests\Feature\HomeTest" file="C:\laragon\www\teluconsign\tests\Feature\HomeTest.php" tests="2" assertions="2" errors="0" failures="0" skipped="0" time="0.030749">
        <testcase name="test_homepage_loads_correctly" file="C:\laragon\www\teluconsign\tests\Feature\HomeTest.php" line="14" class="Tests\Feature\HomeTest" classname="Tests.Feature.HomeTest" assertions="1" time="0.014675"/>
        <testcase name="test_homepage_displays_products" file="C:\laragon\www\teluconsign\tests\Feature\HomeTest.php" line="21" class="Tests\Feature\HomeTest" classname="Tests.Feature.HomeTest" assertions="1" time="0.016073"/>
      </testsuite>
      <testsuite name="Tests\Feature\IntegrationServicesTest" file="C:\laragon\www\teluconsign\tests\Feature\IntegrationServicesTest.php" tests="3" assertions="0" errors="3" failures="0" skipped="0" time="0.000000">
        <testcase name="test_fonnte_service_send_message" file="C:\laragon\www\teluconsign\tests\Feature\IntegrationServicesTest.php" line="47" class="Tests\Feature\IntegrationServicesTest" classname="Tests.Feature.IntegrationServicesTest" assertions="0" time="0.000000">
          <error type="Illuminate\Database\QueryException">Tests\Feature\IntegrationServicesTest::test_fonnte_service_send_message&#13;
Illuminate\Database\QueryException: SQLSTATE[HY000]: General error: 1 no such table: payment_gateways (Connection: sqlite, SQL: insert into "payment_gateways" ("code", "name", "is_enabled", "config_json") values (midtrans, Midtrans, 1, {"environment":"sandbox","server_key":"mock_server_key","client_key":"mock_client_key"}))
&#13;
C:\laragon\www\teluconsign\vendor\laravel\framework\src\Illuminate\Database\Connection.php:824
C:\laragon\www\teluconsign\vendor\laravel\framework\src\Illuminate\Database\Connection.php:778
C:\laragon\www\teluconsign\vendor\laravel\framework\src\Illuminate\Database\Connection.php:559
C:\laragon\www\teluconsign\vendor\laravel\framework\src\Illuminate\Database\Connection.php:523
C:\laragon\www\teluconsign\vendor\laravel\framework\src\Illuminate\Database\Query\Builder.php:3804
C:\laragon\www\teluconsign\tests\Feature\IntegrationServicesTest.php:33</error>
        </testcase>
        <testcase name="test_rajaongkir_check_cost" file="C:\laragon\www\teluconsign\tests\Feature\IntegrationServicesTest.php" line="65" class="Tests\Feature\IntegrationServicesTest" classname="Tests.Feature.IntegrationServicesTest" assertions="0" time="0.000000">
          <error type="Illuminate\Database\QueryException">Tests\Feature\IntegrationServicesTest::test_rajaongkir_check_cost&#13;
Illuminate\Database\QueryException: SQLSTATE[HY000]: General error: 1 no such table: payment_gateways (Connection: sqlite, SQL: insert into "payment_gateways" ("code", "name", "is_enabled", "config_json") values (midtrans, Midtrans, 1, {"environment":"sandbox","server_key":"mock_server_key","client_key":"mock_client_key"}))
&#13;
C:\laragon\www\teluconsign\vendor\laravel\framework\src\Illuminate\Database\Connection.php:824
C:\laragon\www\teluconsign\vendor\laravel\framework\src\Illuminate\Database\Connection.php:778
C:\laragon\www\teluconsign\vendor\laravel\framework\src\Illuminate\Database\Connection.php:559
C:\laragon\www\teluconsign\vendor\laravel\framework\src\Illuminate\Database\Connection.php:523
C:\laragon\www\teluconsign\vendor\laravel\framework\src\Illuminate\Database\Query\Builder.php:3804
C:\laragon\www\teluconsign\tests\Feature\IntegrationServicesTest.php:33</error>
        </testcase>
        <testcase name="test_midtrans_create_snap_token" file="C:\laragon\www\teluconsign\tests\Feature\IntegrationServicesTest.php" line="93" class="Tests\Feature\IntegrationServicesTest" classname="Tests.Feature.IntegrationServicesTest" assertions="0" time="0.000000">
          <error type="Illuminate\Database\QueryException">Tests\Feature\IntegrationServicesTest::test_midtrans_create_snap_token&#13;
Illuminate\Database\QueryException: SQLSTATE[HY000]: General error: 1 no such table: payment_gateways (Connection: sqlite, SQL: insert into "payment_gateways" ("code", "name", "is_enabled", "config_json") values (midtrans, Midtrans, 1, {"environment":"sandbox","server_key":"mock_server_key","client_key":"mock_client_key"}))
&#13;
C:\laragon\www\teluconsign\vendor\laravel\framework\src\Illuminate\Database\Connection.php:824
C:\laragon\www\teluconsign\vendor\laravel\framework\src\Illuminate\Database\Connection.php:778
C:\laragon\www\teluconsign\vendor\laravel\framework\src\Illuminate\Database\Connection.php:559
C:\laragon\www\teluconsign\vendor\laravel\framework\src\Illuminate\Database\Connection.php:523
C:\laragon\www\teluconsign\vendor\laravel\framework\src\Illuminate\Database\Query\Builder.php:3804
C:\laragon\www\teluconsign\tests\Feature\IntegrationServicesTest.php:33</error>
        </testcase>
      </testsuite>
      <testsuite name="Tests\Feature\LoginTest" file="C:\laragon\www\teluconsign\tests\Feature\LoginTest.php" tests="3" assertions="5" errors="0" failures="0" skipped="0" time="0.088264">
        <testcase name="test_login_screen_can_be_rendered" file="C:\laragon\www\teluconsign\tests\Feature\LoginTest.php" line="14" class="Tests\Feature\LoginTest" classname="Tests.Feature.LoginTest" assertions="1" time="0.017632"/>
        <testcase name="test_users_can_authenticate_using_the_login_screen" file="C:\laragon\www\teluconsign\tests\Feature\LoginTest.php" line="21" class="Tests\Feature\LoginTest" classname="Tests.Feature.LoginTest" assertions="3" time="0.056869"/>
        <testcase name="test_users_can_not_authenticate_with_invalid_password" file="C:\laragon\www\teluconsign\tests\Feature\LoginTest.php" line="42" class="Tests\Feature\LoginTest" classname="Tests.Feature.LoginTest" assertions="1" time="0.013762"/>
      </testsuite>
      <testsuite name="Tests\Feature\ProductCRUDTest" file="C:\laragon\www\teluconsign\tests\Feature\ProductCRUDTest.php" tests="4" assertions="11" errors="0" failures="0" skipped="0" time="0.067343">
        <testcase name="test_seller_can_view_product_list" file="C:\laragon\www\teluconsign\tests\Feature\ProductCRUDTest.php" line="18" class="Tests\Feature\ProductCRUDTest" classname="Tests.Feature.ProductCRUDTest" assertions="2" time="0.017884"/>
        <testcase name="test_seller_can_create_product" file="C:\laragon\www\teluconsign\tests\Feature\ProductCRUDTest.php" line="34" class="Tests\Feature\ProductCRUDTest" classname="Tests.Feature.ProductCRUDTest" assertions="3" time="0.018025"/>
        <testcase name="test_seller_can_update_product" file="C:\laragon\www\teluconsign\tests\Feature\ProductCRUDTest.php" line="62" class="Tests\Feature\ProductCRUDTest" classname="Tests.Feature.ProductCRUDTest" assertions="3" time="0.015777"/>
        <testcase name="test_seller_can_delete_product" file="C:\laragon\www\teluconsign\tests\Feature\ProductCRUDTest.php" line="86" class="Tests\Feature\ProductCRUDTest" classname="Tests.Feature.ProductCRUDTest" assertions="3" time="0.015656"/>
      </testsuite>
      <testsuite name="Tests\Feature\ProfileValidationTest" file="C:\laragon\www\teluconsign\tests\Feature\ProfileValidationTest.php" tests="6" assertions="13" errors="0" failures="3" skipped="0" time="0.108563">
        <testcase name="test_user_can_update_profile_info" file="C:\laragon\www\teluconsign\tests\Feature\ProfileValidationTest.php" line="16" class="Tests\Feature\ProfileValidationTest" classname="Tests.Feature.ProfileValidationTest" assertions="2" time="0.019668">
          <failure type="PHPUnit\Framework\ExpectationFailedException">Tests\Feature\ProfileValidationTest::test_user_can_update_profile_info&#13;
Failed asserting that two strings are equal.
--- Expected
+++ Actual
@@ @@
-'https://b8ffe87ca4de.ngrok-free.app/profile'
+'https://b8ffe87ca4de.ngrok-free.app'
&#13;
C:\laragon\www\teluconsign\vendor\laravel\framework\src\Illuminate\Testing\TestResponseAssert.php:45
C:\laragon\www\teluconsign\vendor\laravel\framework\src\Illuminate\Testing\TestResponse.php:408
C:\laragon\www\teluconsign\vendor\laravel\framework\src\Illuminate\Testing\TestResponse.php:205
C:\laragon\www\teluconsign\tests\Feature\ProfileValidationTest.php:28</failure>
        </testcase>
        <testcase name="test_user_can_update_password" file="C:\laragon\www\teluconsign\tests\Feature\ProfileValidationTest.php" line="35" class="Tests\Feature\ProfileValidationTest" classname="Tests.Feature.ProfileValidationTest" assertions="2" time="0.020869"/>
        <testcase name="test_user_can_add_address" file="C:\laragon\www\teluconsign\tests\Feature\ProfileValidationTest.php" line="52" class="Tests\Feature\ProfileValidationTest" classname="Tests.Feature.ProfileValidationTest" assertions="2" time="0.016778">
          <failure type="PHPUnit\Framework\ExpectationFailedException">Tests\Feature\ProfileValidationTest::test_user_can_add_address&#13;
Failed asserting that a row in the table [addresses] matches the attributes {
    "user_id": 1,
    "recipient": "John Doe"
}.

The table is empty.
&#13;
C:\laragon\www\teluconsign\vendor\laravel\framework\src\Illuminate\Foundation\Testing\Concerns\InteractsWithDatabase.php:43
C:\laragon\www\teluconsign\tests\Feature\ProfileValidationTest.php:77</failure>
        </testcase>
        <testcase name="test_user_can_update_address" file="C:\laragon\www\teluconsign\tests\Feature\ProfileValidationTest.php" line="83" class="Tests\Feature\ProfileValidationTest" classname="Tests.Feature.ProfileValidationTest" assertions="2" time="0.019818">
          <failure type="PHPUnit\Framework\ExpectationFailedException">Tests\Feature\ProfileValidationTest::test_user_can_update_address&#13;
Failed asserting that a row in the table [addresses] matches the attributes {
    "address_id": 1,
    "recipient": "Updated Recipient"
}.

Found similar results: [
    {
        "address_id": 1,
        "recipient": "Dayana Baumbach"
    }
].
&#13;
C:\laragon\www\teluconsign\vendor\laravel\framework\src\Illuminate\Foundation\Testing\Concerns\InteractsWithDatabase.php:43
C:\laragon\www\teluconsign\tests\Feature\ProfileValidationTest.php:103</failure>
        </testcase>
        <testcase name="test_user_can_delete_address" file="C:\laragon\www\teluconsign\tests\Feature\ProfileValidationTest.php" line="109" class="Tests\Feature\ProfileValidationTest" classname="Tests.Feature.ProfileValidationTest" assertions="2" time="0.015403"/>
        <testcase name="test_user_can_set_default_address" file="C:\laragon\www\teluconsign\tests\Feature\ProfileValidationTest.php" line="122" class="Tests\Feature\ProfileValidationTest" classname="Tests.Feature.ProfileValidationTest" assertions="3" time="0.016027"/>
      </testsuite>
      <testsuite name="Tests\Feature\RegisterTest" file="C:\laragon\www\teluconsign\tests\Feature\RegisterTest.php" tests="3" assertions="9" errors="0" failures="0" skipped="0" time="0.177270">
        <testcase name="test_registration_screen_can_be_rendered" file="C:\laragon\www\teluconsign\tests\Feature\RegisterTest.php" line="14" class="Tests\Feature\RegisterTest" classname="Tests.Feature.RegisterTest" assertions="1" time="0.016634"/>
        <testcase name="test_new_users_can_register" file="C:\laragon\www\teluconsign\tests\Feature\RegisterTest.php" line="21" class="Tests\Feature\RegisterTest" classname="Tests.Feature.RegisterTest" assertions="4" time="0.145348"/>
        <testcase name="test_registration_fails_with_invalid_data" file="C:\laragon\www\teluconsign\tests\Feature\RegisterTest.php" line="41" class="Tests\Feature\RegisterTest" classname="Tests.Feature.RegisterTest" assertions="4" time="0.015288"/>
      </testsuite>
      <testsuite name="Tests\Feature\ReviewCoverageTest" file="C:\laragon\www\teluconsign\tests\Feature\ReviewCoverageTest.php" tests="1" assertions="0" errors="1" failures="0" skipped="0" time="0.017637">
        <testcase name="test_user_can_submit_review" file="C:\laragon\www\teluconsign\tests\Feature\ReviewCoverageTest.php" line="18" class="Tests\Feature\ReviewCoverageTest" classname="Tests.Feature.ReviewCoverageTest" assertions="0" time="0.017637">
          <error type="Illuminate\Database\QueryException">Tests\Feature\ReviewCoverageTest::test_user_can_submit_review&#13;
Illuminate\Database\QueryException: SQLSTATE[23000]: Integrity constraint violation: 19 NOT NULL constraint failed: orders.code (Connection: sqlite, SQL: insert into "orders" ("buyer_id", "seller_id", "total_amount", "status", "updated_at", "created_at") values (1, 2, 10000, completed, 2025-12-26 22:23:10, 2025-12-26 22:23:10))
&#13;
C:\laragon\www\teluconsign\vendor\laravel\framework\src\Illuminate\Database\Connection.php:824
C:\laragon\www\teluconsign\vendor\laravel\framework\src\Illuminate\Database\Connection.php:778
C:\laragon\www\teluconsign\vendor\laravel\framework\src\Illuminate\Database\Connection.php:559
C:\laragon\www\teluconsign\vendor\laravel\framework\src\Illuminate\Database\Connection.php:523
C:\laragon\www\teluconsign\vendor\laravel\framework\src\Illuminate\Database\Query\Processors\Processor.php:32
C:\laragon\www\teluconsign\vendor\laravel\framework\src\Illuminate\Database\Query\Builder.php:3853
C:\laragon\www\teluconsign\vendor\laravel\framework\src\Illuminate\Database\Eloquent\Builder.php:2235
C:\laragon\www\teluconsign\vendor\laravel\framework\src\Illuminate\Database\Eloquent\Model.php:1436
C:\laragon\www\teluconsign\vendor\laravel\framework\src\Illuminate\Database\Eloquent\Model.php:1401
C:\laragon\www\teluconsign\vendor\laravel\framework\src\Illuminate\Database\Eloquent\Model.php:1240
C:\laragon\www\teluconsign\vendor\laravel\framework\src\Illuminate\Database\Eloquent\Builder.php:1219
C:\laragon\www\teluconsign\vendor\laravel\framework\src\Illuminate\Support\helpers.php:390
C:\laragon\www\teluconsign\vendor\laravel\framework\src\Illuminate\Database\Eloquent\Builder.php:1218
C:\laragon\www\teluconsign\vendor\laravel\framework\src\Illuminate\Support\Traits\ForwardsCalls.php:23
C:\laragon\www\teluconsign\vendor\laravel\framework\src\Illuminate\Database\Eloquent\Model.php:2540
C:\laragon\www\teluconsign\vendor\laravel\framework\src\Illuminate\Database\Eloquent\Model.php:2556
C:\laragon\www\teluconsign\tests\Feature\ReviewCoverageTest.php:30</error>
        </testcase>
      </testsuite>
      <testsuite name="Tests\Feature\ReviewTest" file="C:\laragon\www\teluconsign\tests\Feature\ReviewTest.php" tests="2" assertions="4" errors="0" failures="0" skipped="0" time="0.033317">
        <testcase name="test_buyer_can_review_purchased_product" file="C:\laragon\www\teluconsign\tests\Feature\ReviewTest.php" line="17" class="Tests\Feature\ReviewTest" classname="Tests.Feature.ReviewTest" assertions="3" time="0.018480"/>
        <testcase name="test_buyer_cannot_review_incomplete_order" file="C:\laragon\www\teluconsign\tests\Feature\ReviewTest.php" line="73" class="Tests\Feature\ReviewTest" classname="Tests.Feature.ReviewTest" assertions="1" time="0.014837"/>
      </testsuite>
      <testsuite name="Tests\Feature\SearchTest" file="C:\laragon\www\teluconsign\tests\Feature\SearchTest.php" tests="3" assertions="9" errors="0" failures="0" skipped="0" time="0.061509">
        <testcase name="test_user_can_view_search_page" file="C:\laragon\www\teluconsign\tests\Feature\SearchTest.php" line="44" class="Tests\Feature\SearchTest" classname="Tests.Feature.SearchTest" assertions="3" time="0.020101"/>
        <testcase name="test_user_can_search_by_keyword" file="C:\laragon\www\teluconsign\tests\Feature\SearchTest.php" line="52" class="Tests\Feature\SearchTest" classname="Tests.Feature.SearchTest" assertions="3" time="0.016921"/>
        <testcase name="test_user_can_view_product_detail" file="C:\laragon\www\teluconsign\tests\Feature\SearchTest.php" line="60" class="Tests\Feature\SearchTest" classname="Tests.Feature.SearchTest" assertions="3" time="0.024487"/>
      </testsuite>
      <testsuite name="Tests\Feature\SellerOrderTest" file="C:\laragon\www\teluconsign\tests\Feature\SellerOrderTest.php" tests="4" assertions="7" errors="0" failures="1" skipped="0" time="0.081171">
        <testcase name="test_seller_can_view_incoming_orders" file="C:\laragon\www\teluconsign\tests\Feature\SellerOrderTest.php" line="67" class="Tests\Feature\SellerOrderTest" classname="Tests.Feature.SellerOrderTest" assertions="2" time="0.021221"/>
        <testcase name="test_seller_can_view_order_detail" file="C:\laragon\www\teluconsign\tests\Feature\SellerOrderTest.php" line="74" class="Tests\Feature\SellerOrderTest" classname="Tests.Feature.SellerOrderTest" assertions="3" time="0.022094"/>
        <testcase name="test_seller_can_update_order_status" file="C:\laragon\www\teluconsign\tests\Feature\SellerOrderTest.php" line="82" class="Tests\Feature\SellerOrderTest" classname="Tests.Feature.SellerOrderTest" assertions="1" time="0.018720">
          <failure type="PHPUnit\Framework\ExpectationFailedException">Tests\Feature\SellerOrderTest::test_seller_can_update_order_status&#13;
Expected response status code [200] but received 302.
Failed asserting that 302 is identical to 200.
&#13;
C:\laragon\www\teluconsign\vendor\laravel\framework\src\Illuminate\Testing\TestResponseAssert.php:45
C:\laragon\www\teluconsign\vendor\laravel\framework\src\Illuminate\Testing\TestResponse.php:174
C:\laragon\www\teluconsign\tests\Feature\SellerOrderTest.php:88</failure>
        </testcase>
        <testcase name="test_other_seller_cannot_view_order" file="C:\laragon\www\teluconsign\tests\Feature\SellerOrderTest.php" line="95" class="Tests\Feature\SellerOrderTest" classname="Tests.Feature.SellerOrderTest" assertions="1" time="0.019137"/>
      </testsuite>
      <testsuite name="Tests\Feature\ShopPayoutTest" file="C:\laragon\www\teluconsign\tests\Feature\ShopPayoutTest.php" tests="2" assertions="4" errors="0" failures="1" skipped="0" time="0.034466">
        <testcase name="test_seller_can_add_bank_account" file="C:\laragon\www\teluconsign\tests\Feature\ShopPayoutTest.php" line="15" class="Tests\Feature\ShopPayoutTest" classname="Tests.Feature.ShopPayoutTest" assertions="2" time="0.018325"/>
        <testcase name="test_seller_can_request_payout" file="C:\laragon\www\teluconsign\tests\Feature\ShopPayoutTest.php" line="34" class="Tests\Feature\ShopPayoutTest" classname="Tests.Feature.ShopPayoutTest" assertions="2" time="0.016141">
          <failure type="PHPUnit\Framework\ExpectationFailedException">Tests\Feature\ShopPayoutTest::test_seller_can_request_payout&#13;
Failed asserting that a row in the table [payout_requests] matches the attributes {
    "seller_id": 1,
    "amount": 500000,
    "status": "requested"
}.

The table is empty.
&#13;
C:\laragon\www\teluconsign\vendor\laravel\framework\src\Illuminate\Foundation\Testing\Concerns\InteractsWithDatabase.php:43
C:\laragon\www\teluconsign\tests\Feature\ShopPayoutTest.php:53</failure>
        </testcase>
      </testsuite>
    </testsuite>
  </testsuite>
</testsuites>
